  Test.cpp
C:\TrabalhosPraticos\VC\Analise_Video\AnaliseVideo\AnaliseVideo\vc.h(12,1): warning C4005: 'MAX': macro redefinition
C:\opencv\build\include\opencv2\core\cvdef.h(493): message : see previous definition of 'MAX'
C:\TrabalhosPraticos\VC\Analise_Video\AnaliseVideo\AnaliseVideo\vc.h(13,1): warning C4005: 'MIN': macro redefinition
C:\opencv\build\include\opencv2\core\cvdef.h(489): message : see previous definition of 'MIN'
C:\TrabalhosPraticos\VC\Analise_Video\AnaliseVideo\AnaliseVideo\Test.cpp(50,16): warning C4566: character represented by universal-character-name '\uFFFD' cannot be represented in the current code page (1252)
C:\TrabalhosPraticos\VC\Analise_Video\AnaliseVideo\AnaliseVideo\Test.cpp(103,7): warning C4101: 'raio': unreferenced local variable
  vc.c
C:\TrabalhosPraticos\VC\Analise_Video\AnaliseVideo\AnaliseVideo\vc.c(253,70): warning C4267: '=': conversion from 'size_t' to 'int', possible loss of data
C:\TrabalhosPraticos\VC\Analise_Video\AnaliseVideo\AnaliseVideo\vc.c(294,66): warning C4267: '=': conversion from 'size_t' to 'int', possible loss of data
C:\TrabalhosPraticos\VC\Analise_Video\AnaliseVideo\AnaliseVideo\vc.c(615,10): warning C4553: '==': result of expression not used; did you intend '='?
C:\TrabalhosPraticos\VC\Analise_Video\AnaliseVideo\AnaliseVideo\vc.c(644,22): warning C4244: '=': conversion from 'float' to 'unsigned char', possible loss of data
C:\TrabalhosPraticos\VC\Analise_Video\AnaliseVideo\AnaliseVideo\vc.c(645,33): warning C4244: '=': conversion from 'float' to 'unsigned char', possible loss of data
C:\TrabalhosPraticos\VC\Analise_Video\AnaliseVideo\AnaliseVideo\vc.c(646,28): warning C4244: '=': conversion from 'float' to 'unsigned char', possible loss of data
C:\TrabalhosPraticos\VC\Analise_Video\AnaliseVideo\AnaliseVideo\vc.c(600,1): warning C4244: 'initializing': conversion from 'int' to 'float', possible loss of data
C:\TrabalhosPraticos\VC\Analise_Video\AnaliseVideo\AnaliseVideo\vc.c(601,1): warning C4244: 'initializing': conversion from 'int' to 'float', possible loss of data
C:\TrabalhosPraticos\VC\Analise_Video\AnaliseVideo\AnaliseVideo\vc.c(670,31): warning C4244: '=': conversion from 'float' to 'int', possible loss of data
C:\TrabalhosPraticos\VC\Analise_Video\AnaliseVideo\AnaliseVideo\vc.c(671,31): warning C4244: '=': conversion from 'float' to 'int', possible loss of data
C:\TrabalhosPraticos\VC\Analise_Video\AnaliseVideo\AnaliseVideo\vc.c(673,42): warning C4244: '=': conversion from 'float' to 'int', possible loss of data
C:\TrabalhosPraticos\VC\Analise_Video\AnaliseVideo\AnaliseVideo\vc.c(674,42): warning C4244: '=': conversion from 'float' to 'int', possible loss of data
C:\TrabalhosPraticos\VC\Analise_Video\AnaliseVideo\AnaliseVideo\vc.c(676,42): warning C4244: '=': conversion from 'float' to 'int', possible loss of data
C:\TrabalhosPraticos\VC\Analise_Video\AnaliseVideo\AnaliseVideo\vc.c(677,42): warning C4244: '=': conversion from 'float' to 'int', possible loss of data
C:\TrabalhosPraticos\VC\Analise_Video\AnaliseVideo\AnaliseVideo\vc.c(719,31): warning C4244: '=': conversion from 'float' to 'int', possible loss of data
C:\TrabalhosPraticos\VC\Analise_Video\AnaliseVideo\AnaliseVideo\vc.c(720,31): warning C4244: '=': conversion from 'float' to 'int', possible loss of data
C:\TrabalhosPraticos\VC\Analise_Video\AnaliseVideo\AnaliseVideo\vc.c(722,42): warning C4244: '=': conversion from 'float' to 'int', possible loss of data
C:\TrabalhosPraticos\VC\Analise_Video\AnaliseVideo\AnaliseVideo\vc.c(723,42): warning C4244: '=': conversion from 'float' to 'int', possible loss of data
C:\TrabalhosPraticos\VC\Analise_Video\AnaliseVideo\AnaliseVideo\vc.c(725,42): warning C4244: '=': conversion from 'float' to 'int', possible loss of data
C:\TrabalhosPraticos\VC\Analise_Video\AnaliseVideo\AnaliseVideo\vc.c(726,42): warning C4244: '=': conversion from 'float' to 'int', possible loss of data
C:\TrabalhosPraticos\VC\Analise_Video\AnaliseVideo\AnaliseVideo\vc.c(785,46): warning C4244: '=': conversion from 'float' to 'unsigned char', possible loss of data
C:\TrabalhosPraticos\VC\Analise_Video\AnaliseVideo\AnaliseVideo\vc.c(792,59): warning C4244: '=': conversion from 'float' to 'unsigned char', possible loss of data
C:\TrabalhosPraticos\VC\Analise_Video\AnaliseVideo\AnaliseVideo\vc.c(796,48): warning C4244: '=': conversion from 'float' to 'unsigned char', possible loss of data
C:\TrabalhosPraticos\VC\Analise_Video\AnaliseVideo\AnaliseVideo\vc.c(803,60): warning C4244: '=': conversion from 'float' to 'unsigned char', possible loss of data
C:\TrabalhosPraticos\VC\Analise_Video\AnaliseVideo\AnaliseVideo\vc.c(967,33): warning C4244: '=': conversion from 'double' to 'float', possible loss of data
C:\TrabalhosPraticos\VC\Analise_Video\AnaliseVideo\AnaliseVideo\vc.c(1041,33): warning C4244: '=': conversion from 'double' to 'float', possible loss of data
C:\TrabalhosPraticos\VC\Analise_Video\AnaliseVideo\AnaliseVideo\vc.c(1800,71): warning C4244: '=': conversion from 'float' to 'unsigned char', possible loss of data
C:\TrabalhosPraticos\VC\Analise_Video\AnaliseVideo\AnaliseVideo\vc.c(1854,72): warning C4244: '=': conversion from 'float' to 'unsigned char', possible loss of data
C:\TrabalhosPraticos\VC\Analise_Video\AnaliseVideo\AnaliseVideo\vc.c(1888,11): warning C4101: 'pos': unreferenced local variable
C:\TrabalhosPraticos\VC\Analise_Video\AnaliseVideo\AnaliseVideo\vc.c(1907,15): warning C4101: 'j': unreferenced local variable
C:\TrabalhosPraticos\VC\Analise_Video\AnaliseVideo\AnaliseVideo\vc.c(1907,12): warning C4101: 'i': unreferenced local variable
C:\TrabalhosPraticos\VC\Analise_Video\AnaliseVideo\AnaliseVideo\vc.c(1949,59): warning C4047: '=': 'unsigned char *' differs in levels of indirection from 'int'
C:\TrabalhosPraticos\VC\Analise_Video\AnaliseVideo\AnaliseVideo\vc.c(1937,15): warning C4101: 'j': unreferenced local variable
C:\TrabalhosPraticos\VC\Analise_Video\AnaliseVideo\AnaliseVideo\vc.c(1937,12): warning C4101: 'i': unreferenced local variable
  Generating code
C:\TrabalhosPraticos\VC\Analise_Video\AnaliseVideo\AnaliseVideo\vc.c(1952): warning C4715: 'vc_unite': not all control paths return a value
  2 of 122 functions ( 1.6%) were compiled, the rest were copied from previous compilation.
    1 functions were new in current compilation
    1 functions had inline decision re-evaluated but remain unchanged
  Finished generating code
  AnaliseVideo.vcxproj -> C:\TrabalhosPraticos\VC\Analise_Video\AnaliseVideo\x64\Release\AnaliseVideo.exe
